<?xml version="1.0" encoding="UTF-8"?>
<testsuite name="com.example.project.TestPlayer" tests="19" skipped="0" failures="0" errors="0" timestamp="2025-02-25T16:44:00" hostname="codespaces-973c98" time="0.139">
  <properties/>
  <testcase name="testStraight()" classname="com.example.project.TestPlayer" time="0.034"/>
  <testcase name="testAddCard()" classname="com.example.project.TestPlayer" time="0.011"/>
  <testcase name="testSortAllCards()" classname="com.example.project.TestPlayer" time="0.004"/>
  <testcase name="testThreeOfAKindNoPair1()" classname="com.example.project.TestPlayer" time="0.005"/>
  <testcase name="testThreeOfAKindNoPair2()" classname="com.example.project.TestPlayer" time="0.003"/>
  <testcase name="testFlush()" classname="com.example.project.TestPlayer" time="0.001"/>
  <testcase name="testPair()" classname="com.example.project.TestPlayer" time="0.002"/>
  <testcase name="testToString()" classname="com.example.project.TestPlayer" time="0.009"/>
  <testcase name="testFullHouse()" classname="com.example.project.TestPlayer" time="0.001"/>
  <testcase name="testFourOfAKindNoPair()" classname="com.example.project.TestPlayer" time="0.003"/>
  <testcase name="testStraightDifferentSuits()" classname="com.example.project.TestPlayer" time="0.001"/>
  <testcase name="testHighCard()" classname="com.example.project.TestPlayer" time="0.003"/>
  <testcase name="testRoyalFlush()" classname="com.example.project.TestPlayer" time="0.001"/>
  <testcase name="testThreeOfAKindWithPair()" classname="com.example.project.TestPlayer" time="0.005"/>
  <testcase name="testStraightFlush()" classname="com.example.project.TestPlayer" time="0.004"/>
  <testcase name="testTwoPairNoPair()" classname="com.example.project.TestPlayer" time="0.006"/>
  <testcase name="testTwoPairWithPair()" classname="com.example.project.TestPlayer" time="0.002"/>
  <testcase name="testFourOfAKindPair()" classname="com.example.project.TestPlayer" time="0.001"/>
  <testcase name="testNothing()" classname="com.example.project.TestPlayer" time="0.009"/>
  <system-out><![CDATA[[0, 1, 1, 1, 0, 0, 1, 0, 0, 0, 0, 0, 1]
[0, 0, 0, 1, 0, 0, 3, 0, 0, 0, 0, 0, 1]
[0, 0, 0, 1, 0, 0, 3, 0, 0, 0, 0, 0, 1]
[0, 0, 0, 1, 0, 0, 3, 0, 0, 0, 0, 0, 1]
[0, 0, 0, 1, 0, 0, 3, 0, 0, 0, 0, 0, 1]
[0, 1, 0, 2, 0, 1, 0, 0, 0, 0, 0, 0, 1]
[0, 1, 0, 2, 0, 1, 0, 0, 0, 0, 0, 0, 1]
[1, 1, 0, 1, 1, 0, 0, 0, 0, 0, 0, 0, 1]
[1, 1, 0, 1, 1, 0, 0, 0, 0, 0, 0, 0, 1]
[0, 0, 0, 1, 0, 0, 3, 0, 0, 0, 0, 0, 1]
[0, 0, 0, 1, 0, 0, 3, 0, 0, 0, 0, 0, 1]
[0, 0, 0, 0, 0, 2, 2, 0, 0, 0, 0, 0, 1]
[0, 0, 0, 0, 0, 2, 2, 0, 0, 0, 0, 0, 1]
[0, 0, 0, 0, 0, 2, 2, 0, 0, 0, 0, 0, 1]
[0, 0, 0, 0, 0, 2, 2, 0, 0, 0, 0, 0, 1]
[1, 1, 0, 1, 1, 0, 0, 0, 0, 0, 0, 0, 1]
[1, 1, 0, 1, 1, 0, 0, 0, 0, 0, 0, 0, 1]
]]></system-out>
  <system-err><![CDATA[]]></system-err>
</testsuite>
